# JRE version: OpenJDK Runtime Environment (8.0_202-b03) (build 1.8.0_202-release-1483-b03)
# Java VM: OpenJDK 64-Bit Server VM (25.202-b03 mixed mode windows-amd64 compressed oops)
Heap:
 PSYoungGen      total 330752K, used 155595K [0x00000000e0000000, 0x00000000f7980000, 0x0000000100000000)
  eden space 300544K, 43% used [0x00000000e0000000,0x00000000e80f5130,0x00000000f2580000)
  from space 30208K, 77% used [0x00000000f2580000,0x00000000f3c7ddd0,0x00000000f4300000)
  to   space 30720K, 0% used [0x00000000f5b80000,0x00000000f5b80000,0x00000000f7980000)
 ParOldGen       total 197632K, used 58971K [0x00000000a0000000, 0x00000000ac100000, 0x00000000e0000000)
  object space 197632K, 29% used [0x00000000a0000000,0x00000000a3996f38,0x00000000ac100000)
 Metaspace       used 98603K, capacity 105629K, committed 105896K, reserved 1140736K
  class space    used 12474K, capacity 13672K, committed 13736K, reserved 1048576K
GC Heap History (10 events):
Event: 17177.775 GC heap before
{Heap before GC invocations=71 (full 4):
 PSYoungGen      total 289792K, used 278744K [0x00000000e0000000, 0x00000000f3f80000, 0x0000000100000000)
  eden space 255488K, 100% used [0x00000000e0000000,0x00000000ef980000,0x00000000ef980000)
  from space 34304K, 67% used [0x00000000f1b80000,0x00000000f32361e8,0x00000000f3d00000)
  to   space 34816K, 0% used [0x00000000ef980000,0x00000000ef980000,0x00000000f1b80000)
 ParOldGen       total 197632K, used 58891K [0x00000000a0000000, 0x00000000ac100000, 0x00000000e0000000)
  object space 197632K, 29% used [0x00000000a0000000,0x00000000a3982f38,0x00000000ac100000)
 Metaspace       used 98536K, capacity 105611K, committed 105896K, reserved 1140736K
  class space    used 12470K, capacity 13671K, committed 13736K, reserved 1048576K
Event: 17177.812 GC heap after
Heap after GC invocations=71 (full 4):
 PSYoungGen      total 290304K, used 17733K [0x00000000e0000000, 0x00000000f5400000, 0x0000000100000000)
  eden space 255488K, 0% used [0x00000000e0000000,0x00000000e0000000,0x00000000ef980000)
  from space 34816K, 50% used [0x00000000ef980000,0x00000000f0ad1648,0x00000000f1b80000)
  to   space 33280K, 0% used [0x00000000f3380000,0x00000000f3380000,0x00000000f5400000)
 ParOldGen       total 197632K, used 58915K [0x00000000a0000000, 0x00000000ac100000, 0x00000000e0000000)
  object space 197632K, 29% used [0x00000000a0000000,0x00000000a3988f38,0x00000000ac100000)
 Metaspace       used 98536K, capacity 105611K, committed 105896K, reserved 1140736K
  class space    used 12470K, capacity 13671K, committed 13736K, reserved 1048576K
}
Event: 17183.426 GC heap before
{Heap before GC invocations=72 (full 4):
 PSYoungGen      total 290304K, used 273221K [0x00000000e0000000, 0x00000000f5400000, 0x0000000100000000)
  eden space 255488K, 100% used [0x00000000e0000000,0x00000000ef980000,0x00000000ef980000)
  from space 34816K, 50% used [0x00000000ef980000,0x00000000f0ad1648,0x00000000f1b80000)
  to   space 33280K, 0% used [0x00000000f3380000,0x00000000f3380000,0x00000000f5400000)
 ParOldGen       total 197632K, used 58915K [0x00000000a0000000, 0x00000000ac100000, 0x00000000e0000000)
  object space 197632K, 29% used [0x00000000a0000000,0x00000000a3988f38,0x00000000ac100000)
 Metaspace       used 98549K, capacity 105619K, committed 105896K, reserved 1140736K
  class space    used 12471K, capacity 13671K, committed 13736K, reserved 1048576K
Event: 17183.458 GC heap after
Heap after GC invocations=72 (full 4):
 PSYoungGen      total 306688K, used 20266K [0x00000000e0000000, 0x00000000f4f00000, 0x0000000100000000)
  eden space 278528K, 0% used [0x00000000e0000000,0x00000000e0000000,0x00000000f1000000)
  from space 28160K, 71% used [0x00000000f3380000,0x00000000f474a980,0x00000000f4f00000)
  to   space 32256K, 0% used [0x00000000f1000000,0x00000000f1000000,0x00000000f2f80000)
 ParOldGen       total 197632K, used 58971K [0x00000000a0000000, 0x00000000ac100000, 0x00000000e0000000)
  object space 197632K, 29% used [0x00000000a0000000,0x00000000a3996f38,0x00000000ac100000)
 Metaspace       used 98549K, capacity 105619K, committed 105896K, reserved 1140736K
  class space    used 12471K, capacity 13671K, committed 13736K, reserved 1048576K
}
Event: 17186.236 GC heap before
{Heap before GC invocations=73 (full 4):
 PSYoungGen      total 306688K, used 298794K [0x00000000e0000000, 0x00000000f4f00000, 0x0000000100000000)
  eden space 278528K, 100% used [0x00000000e0000000,0x00000000f1000000,0x00000000f1000000)
  from space 28160K, 71% used [0x00000000f3380000,0x00000000f474a980,0x00000000f4f00000)
  to   space 32256K, 0% used [0x00000000f1000000,0x00000000f1000000,0x00000000f2f80000)
 ParOldGen       total 197632K, used 58971K [0x00000000a0000000, 0x00000000ac100000, 0x00000000e0000000)
  object space 197632K, 29% used [0x00000000a0000000,0x00000000a3996f38,0x00000000ac100000)
 Metaspace       used 98559K, capacity 105623K, committed 105896K, reserved 1140736K
  class space    used 12473K, capacity 13671K, committed 13736K, reserved 1048576K
Event: 17186.263 GC heap after
Heap after GC invocations=73 (full 4):
 PSYoungGen      total 310784K, used 18237K [0x00000000e0000000, 0x00000000f6400000, 0x0000000100000000)
  eden space 278528K, 0% used [0x00000000e0000000,0x00000000e0000000,0x00000000f1000000)
  from space 32256K, 56% used [0x00000000f1000000,0x00000000f21cf528,0x00000000f2f80000)
  to   space 31232K, 0% used [0x00000000f4580000,0x00000000f4580000,0x00000000f6400000)
 ParOldGen       total 197632K, used 58971K [0x00000000a0000000, 0x00000000ac100000, 0x00000000e0000000)
  object space 197632K, 29% used [0x00000000a0000000,0x00000000a3996f38,0x00000000ac100000)
 Metaspace       used 98559K, capacity 105623K, committed 105896K, reserved 1140736K
  class space    used 12473K, capacity 13671K, committed 13736K, reserved 1048576K
}
Event: 17188.341 GC heap before
{Heap before GC invocations=74 (full 4):
 PSYoungGen      total 310784K, used 296765K [0x00000000e0000000, 0x00000000f6400000, 0x0000000100000000)
  eden space 278528K, 100% used [0x00000000e0000000,0x00000000f1000000,0x00000000f1000000)
  from space 32256K, 56% used [0x00000000f1000000,0x00000000f21cf528,0x00000000f2f80000)
  to   space 31232K, 0% used [0x00000000f4580000,0x00000000f4580000,0x00000000f6400000)
 ParOldGen       total 197632K, used 58971K [0x00000000a0000000, 0x00000000ac100000, 0x00000000e0000000)
  object space 197632K, 29% used [0x00000000a0000000,0x00000000a3996f38,0x00000000ac100000)
 Metaspace       used 98576K, capacity 105629K, committed 105896K, reserved 1140736K
  class space    used 12473K, capacity 13672K, committed 13736K, reserved 1048576K
Event: 17188.365 GC heap after
Heap after GC invocations=74 (full 4):
 PSYoungGen      total 328192K, used 16612K [0x00000000e0000000, 0x00000000f6080000, 0x0000000100000000)
  eden space 300544K, 0% used [0x00000000e0000000,0x00000000e0000000,0x00000000f2580000)
  from space 27648K, 60% used [0x00000000f4580000,0x00000000f55b9070,0x00000000f6080000)
  to   space 30208K, 0% used [0x00000000f2580000,0x00000000f2580000,0x00000000f4300000)
 ParOldGen       total 197632K, used 58971K [0x00000000a0000000, 0x00000000ac100000, 0x00000000e0000000)
  object space 197632K, 29% used [0x00000000a0000000,0x00000000a3996f38,0x00000000ac100000)
 Metaspace       used 98576K, capacity 105629K, committed 105896K, reserved 1140736K
  class space    used 12473K, capacity 13672K, committed 13736K, reserved 1048576K
}
Event: 17190.740 GC heap before
{Heap before GC invocations=75 (full 4):
 PSYoungGen      total 328192K, used 317156K [0x00000000e0000000, 0x00000000f6080000, 0x0000000100000000)
  eden space 300544K, 100% used [0x00000000e0000000,0x00000000f2580000,0x00000000f2580000)
  from space 27648K, 60% used [0x00000000f4580000,0x00000000f55b9070,0x00000000f6080000)
  to   space 30208K, 0% used [0x00000000f2580000,0x00000000f2580000,0x00000000f4300000)
 ParOldGen       total 197632K, used 58971K [0x00000000a0000000, 0x00000000ac100000, 0x00000000e0000000)
  object space 197632K, 29% used [0x00000000a0000000,0x00000000a3996f38,0x00000000ac100000)
 Metaspace       used 98600K, capacity 105629K, committed 105896K, reserved 1140736K
  class space    used 12474K, capacity 13672K, committed 13736K, reserved 1048576K
Event: 17190.791 GC heap after
Heap after GC invocations=75 (full 4):
 PSYoungGen      total 330752K, used 23543K [0x00000000e0000000, 0x00000000f7980000, 0x0000000100000000)
  eden space 300544K, 0% used [0x00000000e0000000,0x00000000e0000000,0x00000000f2580000)
  from space 30208K, 77% used [0x00000000f2580000,0x00000000f3c7ddd0,0x00000000f4300000)
  to   space 30720K, 0% used [0x00000000f5b80000,0x00000000f5b80000,0x00000000f7980000)
 ParOldGen       total 197632K, used 58971K [0x00000000a0000000, 0x00000000ac100000, 0x00000000e0000000)
  object space 197632K, 29% used [0x00000000a0000000,0x00000000a3996f38,0x00000000ac100000)
 Metaspace       used 98600K, capacity 105629K, committed 105896K, reserved 1140736K
  class space    used 12474K, capacity 13672K, committed 13736K, reserved 1048576K
}

